2019-11-28 23:52:32,427 [Worker-4: Loading available Gradle versions] INFO  o.e.b.c.i.u.g.PublishedGradleVersions - Gradle version information cache is up-to-date. Trying to read.
2019-11-28 23:55:31,574 [Worker-4: Import Getting Started Content] INFO  o.e.m.c.i.l.LifecycleMappingFactory - Using org.eclipse.m2e.jdt.JarLifecycleMapping lifecycle mapping for MavenProject: com.example:taxiTaxi:0.0.1-SNAPSHOT @ D:\spring\taxiTaxi\taxiTaxi\pom.xml.
2019-11-28 23:55:39,423 [Worker-4: Import Getting Started Content] INFO  o.e.m.j.i.AbstractJavaProjectConfigurator - Adding source folder /taxiTaxi/src/main/java
2019-11-28 23:55:39,425 [Worker-4: Import Getting Started Content] INFO  o.e.m.j.i.AbstractJavaProjectConfigurator - Adding resource folder /taxiTaxi/src/main/resources
2019-11-28 23:55:39,441 [Worker-4: Import Getting Started Content] INFO  o.e.m.j.i.AbstractJavaProjectConfigurator - Adding resource folder /taxiTaxi/src/main/resources
2019-11-28 23:55:39,480 [Worker-4: Import Getting Started Content] INFO  o.e.m.j.i.AbstractJavaProjectConfigurator - Adding source folder /taxiTaxi/src/test/java
2019-11-28 23:55:42,689 [Worker-4: Import Getting Started Content] INFO  o.e.m.c.i.p.ProjectConfigurationManager - Imported and configured 1 project(s) in 17 sec
2019-11-28 23:55:42,694 [Worker-4: Import Getting Started Content] INFO  o.e.m.c.i.p.ProjectConfigurationManager - Update started
2019-11-28 23:55:44,672 [Worker-4: Import Getting Started Content] INFO  o.e.m.c.i.l.LifecycleMappingFactory - Using org.eclipse.m2e.jdt.JarLifecycleMapping lifecycle mapping for MavenProject: com.example:taxiTaxi:0.0.1-SNAPSHOT @ D:\spring\taxiTaxi\taxiTaxi\pom.xml.
2019-11-28 23:55:47,550 [Worker-4: Import Getting Started Content] INFO  o.e.m.j.i.AbstractJavaProjectConfigurator - Adding source folder /taxiTaxi/src/main/java
2019-11-28 23:55:47,551 [Worker-4: Import Getting Started Content] INFO  o.e.m.j.i.AbstractJavaProjectConfigurator - Adding resource folder /taxiTaxi/src/main/resources
2019-11-28 23:55:47,551 [Worker-4: Import Getting Started Content] INFO  o.e.m.j.i.AbstractJavaProjectConfigurator - Adding resource folder /taxiTaxi/src/main/resources
2019-11-28 23:55:47,553 [Worker-4: Import Getting Started Content] INFO  o.e.m.j.i.AbstractJavaProjectConfigurator - Adding source folder /taxiTaxi/src/test/java
2019-11-28 23:55:49,173 [Worker-4: Import Getting Started Content] INFO  o.e.m.c.i.p.ProjectConfigurationManager - Update completed: 6 sec
2019-11-28 23:56:00,463 [Worker-4: Building workspace] INFO  o.e.m.c.i.embedder.EclipseLogger - Using 'UTF-8' encoding to copy filtered resources.
2019-11-28 23:56:00,469 [Worker-4: Building workspace] INFO  o.e.m.c.i.embedder.EclipseLogger - Copying 1 resource
2019-11-28 23:56:00,507 [Worker-4: Building workspace] INFO  o.e.m.c.i.embedder.EclipseLogger - Copying 0 resource
2019-11-28 23:56:00,513 [Worker-4: Building workspace] INFO  o.e.m.c.i.embedder.EclipseLogger - Using 'UTF-8' encoding to copy filtered resources.
2019-11-28 23:56:00,514 [Worker-4: Building workspace] INFO  o.e.m.c.i.embedder.EclipseLogger - skip non existing resourceDirectory D:\spring\taxiTaxi\taxiTaxi\src\test\resources
2019-11-28 23:57:39,540 [Worker-12: Building workspace] INFO  o.e.m.c.i.l.LifecycleMappingFactory - Using org.eclipse.m2e.jdt.JarLifecycleMapping lifecycle mapping for MavenProject: com.example:taxiTaxi:0.0.1-SNAPSHOT @ D:\spring\taxiTaxi\taxiTaxi\pom.xml.
2019-11-28 23:58:01,710 [Worker-12: Building workspace] INFO  o.e.m.c.i.embedder.EclipseLogger - Using 'UTF-8' encoding to copy filtered resources.
2019-11-28 23:58:01,717 [Worker-12: Building workspace] INFO  o.e.m.c.i.embedder.EclipseLogger - Copying 0 resource
2019-11-28 23:58:01,718 [Worker-12: Building workspace] INFO  o.e.m.c.i.embedder.EclipseLogger - Copying 0 resource
2019-11-28 23:58:01,722 [Worker-12: Building workspace] INFO  o.e.m.c.i.embedder.EclipseLogger - Using 'UTF-8' encoding to copy filtered resources.
2019-11-28 23:58:01,722 [Worker-12: Building workspace] INFO  o.e.m.c.i.embedder.EclipseLogger - skip non existing resourceDirectory D:\spring\taxiTaxi\taxiTaxi\src\test\resources
2019-11-28 23:58:09,954 [Worker-1: Building workspace] INFO  o.e.m.c.i.embedder.EclipseLogger - Using 'UTF-8' encoding to copy filtered resources.
2019-11-28 23:58:10,003 [Worker-1: Building workspace] INFO  o.e.m.c.i.embedder.EclipseLogger - Copying 1 resource
2019-11-28 23:58:10,023 [Worker-1: Building workspace] INFO  o.e.m.c.i.embedder.EclipseLogger - Copying 0 resource
2019-11-28 23:58:10,026 [Worker-1: Building workspace] INFO  o.e.m.c.i.embedder.EclipseLogger - Using 'UTF-8' encoding to copy filtered resources.
2019-11-28 23:58:10,026 [Worker-1: Building workspace] INFO  o.e.m.c.i.embedder.EclipseLogger - skip non existing resourceDirectory D:\spring\taxiTaxi\taxiTaxi\src\test\resources
2019-11-29 00:03:39,940 [Worker-1: Updating Maven Project] INFO  o.e.m.c.i.p.ProjectConfigurationManager - Update started
2019-11-29 00:03:50,925 [Worker-1: Updating Maven Project] INFO  o.e.m.c.i.l.LifecycleMappingFactory - Using org.eclipse.m2e.jdt.JarLifecycleMapping lifecycle mapping for MavenProject: com.example:taxiTaxi:0.0.1-SNAPSHOT @ D:\spring\taxiTaxi\taxiTaxi\pom.xml.
2019-11-29 00:03:58,614 [Worker-1: Updating Maven Project] INFO  o.e.m.j.i.AbstractJavaProjectConfigurator - Adding source folder /taxiTaxi/src/main/java
2019-11-29 00:03:58,615 [Worker-1: Updating Maven Project] INFO  o.e.m.j.i.AbstractJavaProjectConfigurator - Adding resource folder /taxiTaxi/src/main/resources
2019-11-29 00:03:58,616 [Worker-1: Updating Maven Project] INFO  o.e.m.j.i.AbstractJavaProjectConfigurator - Adding resource folder /taxiTaxi/src/main/resources
2019-11-29 00:03:58,618 [Worker-1: Updating Maven Project] INFO  o.e.m.j.i.AbstractJavaProjectConfigurator - Adding source folder /taxiTaxi/src/test/java
2019-11-29 00:03:59,741 [Worker-1: Updating Maven Project] INFO  o.e.m.c.i.p.ProjectConfigurationManager - Update completed: 19 sec
2019-11-29 00:04:03,034 [Worker-3: Building workspace] INFO  o.e.m.c.i.embedder.EclipseLogger - Using 'UTF-8' encoding to copy filtered resources.
2019-11-29 00:04:03,036 [Worker-3: Building workspace] INFO  o.e.m.c.i.embedder.EclipseLogger - Copying 1 resource
2019-11-29 00:04:03,151 [Worker-3: Building workspace] INFO  o.e.m.c.i.embedder.EclipseLogger - Copying 0 resource
2019-11-29 00:04:03,156 [Worker-3: Building workspace] INFO  o.e.m.c.i.embedder.EclipseLogger - Using 'UTF-8' encoding to copy filtered resources.
2019-11-29 00:04:03,156 [Worker-3: Building workspace] INFO  o.e.m.c.i.embedder.EclipseLogger - skip non existing resourceDirectory D:\spring\taxiTaxi\taxiTaxi\src\test\resources
2019-11-29 00:06:47,211 [Worker-3: Building workspace] INFO  o.e.m.c.i.l.LifecycleMappingFactory - Using org.eclipse.m2e.jdt.JarLifecycleMapping lifecycle mapping for MavenProject: com.example:taxiTaxi:0.0.1-SNAPSHOT @ D:\spring\taxiTaxi\taxiTaxi\pom.xml.
2019-11-29 00:06:54,767 [Worker-3: Building workspace] INFO  o.e.m.c.i.embedder.EclipseLogger - Using 'UTF-8' encoding to copy filtered resources.
2019-11-29 00:06:54,775 [Worker-3: Building workspace] INFO  o.e.m.c.i.embedder.EclipseLogger - Copying 0 resource
2019-11-29 00:06:54,775 [Worker-3: Building workspace] INFO  o.e.m.c.i.embedder.EclipseLogger - Copying 0 resource
2019-11-29 00:06:54,781 [Worker-3: Building workspace] INFO  o.e.m.c.i.embedder.EclipseLogger - Using 'UTF-8' encoding to copy filtered resources.
2019-11-29 00:06:54,781 [Worker-3: Building workspace] INFO  o.e.m.c.i.embedder.EclipseLogger - skip non existing resourceDirectory D:\spring\taxiTaxi\taxiTaxi\src\test\resources
2019-11-29 00:06:55,837 [Worker-13: Download sources and javadoc] INFO  o.e.m.c.i.e.AbstractTransferListenerAdapter - Downloading https://repo.maven.apache.org/maven2/org/junit/jupiter/junit-jupiter-api/5.6.0-M1/junit-jupiter-api-5.6.0-M1-sources.jar
2019-11-29 00:06:56,202 [Worker-13: Download sources and javadoc] INFO  o.e.m.c.i.e.AbstractTransferListenerAdapter - Downloaded https://repo.maven.apache.org/maven2/org/junit/jupiter/junit-jupiter-api/5.6.0-M1/junit-jupiter-api-5.6.0-M1-sources.jar
2019-11-29 00:06:56,931 [Worker-13: Download sources and javadoc] INFO  o.e.m.j.internal.DownloadSourcesJob - Downloaded sources for org.junit.jupiter:junit-jupiter-api:5.6.0-M1
2019-11-29 00:06:56,968 [Worker-13: Download sources and javadoc] INFO  o.e.m.c.i.e.AbstractTransferListenerAdapter - Downloading https://repo.maven.apache.org/maven2/org/junit/platform/junit-platform-commons/1.3.2/junit-platform-commons-1.3.2-sources.jar
2019-11-29 00:06:57,091 [Worker-13: Download sources and javadoc] INFO  o.e.m.c.i.e.AbstractTransferListenerAdapter - Downloaded https://repo.maven.apache.org/maven2/org/junit/platform/junit-platform-commons/1.3.2/junit-platform-commons-1.3.2-sources.jar
2019-11-29 00:06:57,588 [Worker-13: Download sources and javadoc] INFO  o.e.m.j.internal.DownloadSourcesJob - Downloaded sources for org.junit.platform:junit-platform-commons:1.3.2
2019-11-29 00:07:00,152 [Worker-7: Building workspace] INFO  o.e.m.c.i.embedder.EclipseLogger - Using 'UTF-8' encoding to copy filtered resources.
2019-11-29 00:07:00,155 [Worker-7: Building workspace] INFO  o.e.m.c.i.embedder.EclipseLogger - Copying 1 resource
2019-11-29 00:07:00,263 [Worker-7: Building workspace] INFO  o.e.m.c.i.embedder.EclipseLogger - Copying 0 resource
2019-11-29 00:07:00,269 [Worker-7: Building workspace] INFO  o.e.m.c.i.embedder.EclipseLogger - Using 'UTF-8' encoding to copy filtered resources.
2019-11-29 00:07:00,269 [Worker-7: Building workspace] INFO  o.e.m.c.i.embedder.EclipseLogger - skip non existing resourceDirectory D:\spring\taxiTaxi\taxiTaxi\src\test\resources
2019-11-29 00:07:16,863 [Worker-7: Updating Maven Project] INFO  o.e.m.c.i.p.ProjectConfigurationManager - Update started
2019-11-29 00:07:18,255 [Worker-7: Updating Maven Project] INFO  o.e.m.c.i.l.LifecycleMappingFactory - Using org.eclipse.m2e.jdt.JarLifecycleMapping lifecycle mapping for MavenProject: com.example:taxiTaxi:0.0.1-SNAPSHOT @ D:\spring\taxiTaxi\taxiTaxi\pom.xml.
2019-11-29 00:07:19,449 [Worker-7: Updating Maven Project] INFO  o.e.m.j.i.AbstractJavaProjectConfigurator - Adding source folder /taxiTaxi/src/main/java
2019-11-29 00:07:19,450 [Worker-7: Updating Maven Project] INFO  o.e.m.j.i.AbstractJavaProjectConfigurator - Adding resource folder /taxiTaxi/src/main/resources
2019-11-29 00:07:19,450 [Worker-7: Updating Maven Project] INFO  o.e.m.j.i.AbstractJavaProjectConfigurator - Adding resource folder /taxiTaxi/src/main/resources
2019-11-29 00:07:19,451 [Worker-7: Updating Maven Project] INFO  o.e.m.j.i.AbstractJavaProjectConfigurator - Adding source folder /taxiTaxi/src/test/java
2019-11-29 00:07:19,762 [Worker-7: Updating Maven Project] INFO  o.e.m.c.i.p.ProjectConfigurationManager - Update completed: 2 sec
2019-11-29 00:07:21,761 [Worker-4: Building workspace] INFO  o.e.m.c.i.embedder.EclipseLogger - Using 'UTF-8' encoding to copy filtered resources.
2019-11-29 00:07:21,763 [Worker-4: Building workspace] INFO  o.e.m.c.i.embedder.EclipseLogger - Copying 1 resource
2019-11-29 00:07:21,795 [Worker-4: Building workspace] INFO  o.e.m.c.i.embedder.EclipseLogger - Copying 0 resource
2019-11-29 00:07:21,800 [Worker-4: Building workspace] INFO  o.e.m.c.i.embedder.EclipseLogger - Using 'UTF-8' encoding to copy filtered resources.
2019-11-29 00:07:21,800 [Worker-4: Building workspace] INFO  o.e.m.c.i.embedder.EclipseLogger - skip non existing resourceDirectory D:\spring\taxiTaxi\taxiTaxi\src\test\resources
2019-11-29 00:10:06,430 [Worker-19: Building workspace] INFO  o.e.m.c.i.embedder.EclipseLogger - Using 'UTF-8' encoding to copy filtered resources.
2019-11-29 00:10:06,434 [Worker-19: Building workspace] INFO  o.e.m.c.i.embedder.EclipseLogger - Copying 1 resource
2019-11-29 00:10:06,436 [Worker-19: Building workspace] INFO  o.e.m.c.i.embedder.EclipseLogger - Copying 0 resource
2019-11-29 00:10:06,441 [Worker-19: Building workspace] INFO  o.e.m.c.i.embedder.EclipseLogger - Using 'UTF-8' encoding to copy filtered resources.
2019-11-29 00:10:06,442 [Worker-19: Building workspace] INFO  o.e.m.c.i.embedder.EclipseLogger - skip non existing resourceDirectory D:\spring\taxiTaxi\taxiTaxi\src\test\resources
2019-11-29 00:10:10,678 [Worker-12: Building workspace] INFO  o.e.m.c.i.embedder.EclipseLogger - Using 'UTF-8' encoding to copy filtered resources.
2019-11-29 00:10:10,680 [Worker-12: Building workspace] INFO  o.e.m.c.i.embedder.EclipseLogger - Copying 1 resource
2019-11-29 00:10:10,682 [Worker-12: Building workspace] INFO  o.e.m.c.i.embedder.EclipseLogger - Copying 0 resource
2019-11-29 00:10:10,686 [Worker-12: Building workspace] INFO  o.e.m.c.i.embedder.EclipseLogger - Using 'UTF-8' encoding to copy filtered resources.
2019-11-29 00:10:10,686 [Worker-12: Building workspace] INFO  o.e.m.c.i.embedder.EclipseLogger - skip non existing resourceDirectory D:\spring\taxiTaxi\taxiTaxi\src\test\resources
2019-11-29 00:12:37,309 [Worker-12: Building workspace] INFO  o.e.m.c.i.embedder.EclipseLogger - Using 'UTF-8' encoding to copy filtered resources.
2019-11-29 00:12:37,313 [Worker-12: Building workspace] INFO  o.e.m.c.i.embedder.EclipseLogger - Copying 1 resource
2019-11-29 00:12:37,321 [Worker-12: Building workspace] INFO  o.e.m.c.i.embedder.EclipseLogger - Copying 0 resource
2019-11-29 00:12:37,325 [Worker-12: Building workspace] INFO  o.e.m.c.i.embedder.EclipseLogger - Using 'UTF-8' encoding to copy filtered resources.
2019-11-29 00:12:37,325 [Worker-12: Building workspace] INFO  o.e.m.c.i.embedder.EclipseLogger - skip non existing resourceDirectory D:\spring\taxiTaxi\taxiTaxi\src\test\resources
2019-11-29 00:16:13,344 [Worker-20: Building workspace] INFO  o.e.m.c.i.embedder.EclipseLogger - Using 'UTF-8' encoding to copy filtered resources.
2019-11-29 00:16:13,344 [Worker-20: Building workspace] INFO  o.e.m.c.i.embedder.EclipseLogger - Copying 1 resource
2019-11-29 00:16:13,348 [Worker-20: Building workspace] INFO  o.e.m.c.i.embedder.EclipseLogger - Copying 0 resource
2019-11-29 00:16:13,352 [Worker-20: Building workspace] INFO  o.e.m.c.i.embedder.EclipseLogger - Using 'UTF-8' encoding to copy filtered resources.
2019-11-29 00:16:13,352 [Worker-20: Building workspace] INFO  o.e.m.c.i.embedder.EclipseLogger - skip non existing resourceDirectory D:\spring\taxiTaxi\taxiTaxi\src\test\resources
2019-11-29 00:18:13,639 [Worker-29: Building workspace] INFO  o.e.m.c.i.embedder.EclipseLogger - Using 'UTF-8' encoding to copy filtered resources.
2019-11-29 00:18:13,639 [Worker-29: Building workspace] INFO  o.e.m.c.i.embedder.EclipseLogger - Copying 1 resource
2019-11-29 00:18:13,651 [Worker-29: Building workspace] INFO  o.e.m.c.i.embedder.EclipseLogger - Copying 0 resource
2019-11-29 00:18:13,655 [Worker-29: Building workspace] INFO  o.e.m.c.i.embedder.EclipseLogger - Using 'UTF-8' encoding to copy filtered resources.
2019-11-29 00:18:13,655 [Worker-29: Building workspace] INFO  o.e.m.c.i.embedder.EclipseLogger - skip non existing resourceDirectory D:\spring\taxiTaxi\taxiTaxi\src\test\resources
2019-11-29 00:19:21,758 [Worker-30: Building workspace] INFO  o.e.m.c.i.embedder.EclipseLogger - Using 'UTF-8' encoding to copy filtered resources.
2019-11-29 00:19:21,758 [Worker-30: Building workspace] INFO  o.e.m.c.i.embedder.EclipseLogger - Copying 1 resource
2019-11-29 00:19:21,762 [Worker-30: Building workspace] INFO  o.e.m.c.i.embedder.EclipseLogger - Copying 0 resource
2019-11-29 00:19:21,766 [Worker-30: Building workspace] INFO  o.e.m.c.i.embedder.EclipseLogger - Using 'UTF-8' encoding to copy filtered resources.
2019-11-29 00:19:21,766 [Worker-30: Building workspace] INFO  o.e.m.c.i.embedder.EclipseLogger - skip non existing resourceDirectory D:\spring\taxiTaxi\taxiTaxi\src\test\resources
2019-11-29 00:20:02,086 [Worker-22: Updating Maven Project] INFO  o.e.m.c.i.p.ProjectConfigurationManager - Update started
2019-11-29 00:20:11,362 [Worker-22: Updating Maven Project] INFO  o.e.m.c.i.l.LifecycleMappingFactory - Using org.eclipse.m2e.jdt.JarLifecycleMapping lifecycle mapping for MavenProject: com.example:taxiTaxi:0.0.1-SNAPSHOT @ D:\spring\taxiTaxi\taxiTaxi\pom.xml.
2019-11-29 00:20:18,397 [Worker-22: Updating Maven Project] INFO  o.e.m.j.i.AbstractJavaProjectConfigurator - Adding source folder /taxiTaxi/src/main/java
2019-11-29 00:20:18,397 [Worker-22: Updating Maven Project] INFO  o.e.m.j.i.AbstractJavaProjectConfigurator - Adding resource folder /taxiTaxi/src/main/resources
2019-11-29 00:20:18,397 [Worker-22: Updating Maven Project] INFO  o.e.m.j.i.AbstractJavaProjectConfigurator - Adding resource folder /taxiTaxi/src/main/resources
2019-11-29 00:20:18,397 [Worker-22: Updating Maven Project] INFO  o.e.m.j.i.AbstractJavaProjectConfigurator - Adding source folder /taxiTaxi/src/test/java
2019-11-29 00:20:18,936 [Worker-22: Updating Maven Project] INFO  o.e.m.c.i.p.ProjectConfigurationManager - Update completed: 16 sec
2019-11-29 00:20:22,843 [Worker-25: Building workspace] INFO  o.e.m.c.i.embedder.EclipseLogger - Using 'UTF-8' encoding to copy filtered resources.
2019-11-29 00:20:22,843 [Worker-25: Building workspace] INFO  o.e.m.c.i.embedder.EclipseLogger - Copying 1 resource
2019-11-29 00:20:22,871 [Worker-25: Building workspace] INFO  o.e.m.c.i.embedder.EclipseLogger - Copying 0 resource
2019-11-29 00:20:22,875 [Worker-25: Building workspace] INFO  o.e.m.c.i.embedder.EclipseLogger - Using 'UTF-8' encoding to copy filtered resources.
2019-11-29 00:20:22,875 [Worker-25: Building workspace] INFO  o.e.m.c.i.embedder.EclipseLogger - skip non existing resourceDirectory D:\spring\taxiTaxi\taxiTaxi\src\test\resources
2019-11-29 00:20:47,552 [Worker-25: Launching Executing install in D__spring_taxiTaxi_taxiTaxi] INFO  o.e.m.i.launch.MavenLaunchDelegate - D:\spring\taxiTaxi\taxiTaxi
2019-11-29 00:20:47,552 [Worker-25: Launching Executing install in D__spring_taxiTaxi_taxiTaxi] INFO  o.e.m.i.launch.MavenLaunchDelegate -  mvn -Ppom.xml -B install
2019-11-29 00:21:47,303 [Worker-1: Building workspace] INFO  o.e.m.c.i.embedder.EclipseLogger - Using 'UTF-8' encoding to copy filtered resources.
2019-11-29 00:21:47,318 [Worker-1: Building workspace] INFO  o.e.m.c.i.embedder.EclipseLogger - Copying 1 resource
2019-11-29 00:21:47,318 [Worker-1: Building workspace] INFO  o.e.m.c.i.embedder.EclipseLogger - Copying 0 resource
2019-11-29 00:21:47,334 [Worker-1: Building workspace] INFO  o.e.m.c.i.embedder.EclipseLogger - Using 'UTF-8' encoding to copy filtered resources.
2019-11-29 00:21:47,334 [Worker-1: Building workspace] INFO  o.e.m.c.i.embedder.EclipseLogger - skip non existing resourceDirectory D:\spring\taxiTaxi\taxiTaxi\src\test\resources
2020-01-03 22:42:46,227 [Worker-5: Loading available Gradle versions] INFO  o.e.b.c.i.u.g.PublishedGradleVersions - Gradle version information cache is out-of-date. Trying to update.
2020-01-03 22:44:14,222 [Worker-14: Building workspace] INFO  o.e.m.c.i.l.LifecycleMappingFactory - Using org.eclipse.m2e.jdt.JarLifecycleMapping lifecycle mapping for MavenProject: com.example:taxiTaxi:0.0.1-SNAPSHOT @ D:\spring\taxiTaxi\taxiTaxi\pom.xml.
2020-01-03 22:44:23,378 [Worker-14: Building workspace] WARN  o.e.m.c.i.embedder.EclipseLogger - The artifact org.mapstruct:mapstruct-jdk8:jar:1.3.0.Beta2 has been relocated to org.mapstruct:mapstruct:jar:1.3.0.Beta2
2020-01-03 22:44:30,009 [Worker-14: Building workspace] INFO  o.e.m.c.i.embedder.EclipseLogger - Using 'UTF-8' encoding to copy filtered resources.
2020-01-03 22:44:30,017 [Worker-14: Building workspace] INFO  o.e.m.c.i.embedder.EclipseLogger - Copying 1 resource
2020-01-03 22:44:30,071 [Worker-14: Building workspace] INFO  o.e.m.c.i.embedder.EclipseLogger - Copying 5 resources
2020-01-03 22:44:30,229 [Worker-14: Building workspace] INFO  o.e.m.c.i.embedder.EclipseLogger - Using 'UTF-8' encoding to copy filtered resources.
2020-01-03 22:44:30,229 [Worker-14: Building workspace] INFO  o.e.m.c.i.embedder.EclipseLogger - skip non existing resourceDirectory D:\spring\taxiTaxi\taxiTaxi\src\test\resources
2020-01-03 22:44:37,218 [Worker-11: Building workspace] WARN  o.e.m.c.i.embedder.EclipseLogger - The artifact org.mapstruct:mapstruct-jdk8:jar:1.3.0.Beta2 has been relocated to org.mapstruct:mapstruct:jar:1.3.0.Beta2
2020-01-03 22:44:37,414 [Worker-11: Building workspace] INFO  o.e.m.c.i.embedder.EclipseLogger - Using 'UTF-8' encoding to copy filtered resources.
2020-01-03 22:44:37,429 [Worker-11: Building workspace] INFO  o.e.m.c.i.embedder.EclipseLogger - Copying 1 resource
2020-01-03 22:44:37,446 [Worker-11: Building workspace] INFO  o.e.m.c.i.embedder.EclipseLogger - Copying 5 resources
2020-01-03 22:44:37,578 [Worker-11: Building workspace] INFO  o.e.m.c.i.embedder.EclipseLogger - Using 'UTF-8' encoding to copy filtered resources.
2020-01-03 22:44:37,578 [Worker-11: Building workspace] INFO  o.e.m.c.i.embedder.EclipseLogger - skip non existing resourceDirectory D:\spring\taxiTaxi\taxiTaxi\src\test\resources
2020-01-03 22:52:50,407 [Worker-12: Building workspace] INFO  o.e.m.c.i.embedder.EclipseLogger - Using 'UTF-8' encoding to copy filtered resources.
2020-01-03 22:52:50,411 [Worker-12: Building workspace] INFO  o.e.m.c.i.embedder.EclipseLogger - Copying 1 resource
2020-01-03 22:52:50,775 [Worker-12: Building workspace] INFO  o.e.m.c.i.embedder.EclipseLogger - Copying 5 resources
2020-01-03 22:52:50,783 [Worker-12: Building workspace] INFO  o.e.m.c.i.embedder.EclipseLogger - Using 'UTF-8' encoding to copy filtered resources.
2020-01-03 22:52:50,783 [Worker-12: Building workspace] INFO  o.e.m.c.i.embedder.EclipseLogger - skip non existing resourceDirectory D:\spring\taxiTaxi\taxiTaxi\src\test\resources
2020-01-03 22:53:11,344 [Worker-10: Building workspace] INFO  o.e.m.c.i.embedder.EclipseLogger - Using 'UTF-8' encoding to copy filtered resources.
2020-01-03 22:53:11,348 [Worker-10: Building workspace] INFO  o.e.m.c.i.embedder.EclipseLogger - Copying 1 resource
2020-01-03 22:53:11,534 [Worker-10: Building workspace] INFO  o.e.m.c.i.embedder.EclipseLogger - Copying 5 resources
2020-01-03 22:53:11,540 [Worker-10: Building workspace] INFO  o.e.m.c.i.embedder.EclipseLogger - Using 'UTF-8' encoding to copy filtered resources.
2020-01-03 22:53:11,540 [Worker-10: Building workspace] INFO  o.e.m.c.i.embedder.EclipseLogger - skip non existing resourceDirectory D:\spring\taxiTaxi\taxiTaxi\src\test\resources
2020-02-19 23:31:31,105 [Worker-1: Loading available Gradle versions] INFO  o.e.b.c.i.u.g.PublishedGradleVersions - Gradle version information cache is up-to-date. Trying to read.
2020-02-19 23:31:58,864 [Worker-7: Building workspace] WARN  o.e.m.c.i.embedder.EclipseLogger - The artifact org.mapstruct:mapstruct-jdk8:jar:1.3.0.Beta2 has been relocated to org.mapstruct:mapstruct:jar:1.3.0.Beta2
2020-02-19 23:32:02,576 [Worker-7: Building workspace] INFO  o.e.m.c.i.embedder.EclipseLogger - Using 'UTF-8' encoding to copy filtered resources.
2020-02-19 23:32:02,624 [Worker-7: Building workspace] INFO  o.e.m.c.i.embedder.EclipseLogger - Copying 1 resource
2020-02-19 23:32:02,716 [Worker-7: Building workspace] INFO  o.e.m.c.i.embedder.EclipseLogger - Copying 5 resources
2020-02-19 23:32:02,729 [Worker-7: Building workspace] INFO  o.e.m.c.i.embedder.EclipseLogger - Using 'UTF-8' encoding to copy filtered resources.
2020-02-19 23:32:02,729 [Worker-7: Building workspace] INFO  o.e.m.c.i.embedder.EclipseLogger - skip non existing resourceDirectory D:\spring\taxiTaxi\taxiTaxi\src\test\resources
2022-02-02 23:38:00,703 [Worker-0: Loading available Gradle versions] INFO  o.e.b.c.i.u.g.PublishedGradleVersions - Gradle version information cache is up-to-date. Trying to read.
2022-02-02 23:38:14,122 [Worker-1: Building workspace] WARN  o.e.m.c.i.embedder.EclipseLogger - The artifact org.mapstruct:mapstruct-jdk8:jar:1.3.0.Beta2 has been relocated to org.mapstruct:mapstruct:jar:1.3.0.Beta2
2022-02-02 23:38:14,599 [Worker-1: Building workspace] INFO  o.e.m.c.i.embedder.EclipseLogger - Using 'UTF-8' encoding to copy filtered resources.
2022-02-02 23:38:14,604 [Worker-1: Building workspace] INFO  o.e.m.c.i.embedder.EclipseLogger - Copying 1 resource
2022-02-02 23:38:14,620 [Worker-1: Building workspace] INFO  o.e.m.c.i.embedder.EclipseLogger - Copying 5 resources
2022-02-02 23:38:14,623 [Worker-1: Building workspace] INFO  o.e.m.c.i.embedder.EclipseLogger - Using 'UTF-8' encoding to copy filtered resources.
2022-02-02 23:38:14,624 [Worker-1: Building workspace] INFO  o.e.m.c.i.embedder.EclipseLogger - skip non existing resourceDirectory C:\Users\Laptop\Documents\Spring\taxiTaxi\taxiTaxi\src\test\resources
2022-02-02 23:38:52,876 [Worker-2: Building workspace] INFO  o.e.m.c.i.embedder.EclipseLogger - Using 'UTF-8' encoding to copy filtered resources.
2022-02-02 23:38:52,878 [Worker-2: Building workspace] INFO  o.e.m.c.i.embedder.EclipseLogger - Copying 0 resource
2022-02-02 23:38:52,879 [Worker-2: Building workspace] INFO  o.e.m.c.i.embedder.EclipseLogger - Copying 0 resource
2022-02-02 23:38:52,881 [Worker-2: Building workspace] INFO  o.e.m.c.i.embedder.EclipseLogger - Using 'UTF-8' encoding to copy filtered resources.
2022-02-02 23:38:52,881 [Worker-2: Building workspace] INFO  o.e.m.c.i.embedder.EclipseLogger - skip non existing resourceDirectory C:\Users\Laptop\Documents\Spring\taxiTaxi\taxiTaxi\src\test\resources
2022-06-10 23:40:10,130 [Worker-4: Loading available Gradle versions] INFO  o.e.b.c.i.u.g.PublishedGradleVersions - Gradle version information cache is out-of-date. Trying to update.
2022-06-12 16:26:58,300 [Worker-39: Building workspace] WARN  o.e.m.c.i.embedder.EclipseLogger - The artifact org.mapstruct:mapstruct-jdk8:jar:1.3.0.Beta2 has been relocated to org.mapstruct:mapstruct:jar:1.3.0.Beta2
2022-06-12 16:27:00,520 [Worker-39: Building workspace] INFO  o.e.m.c.i.embedder.EclipseLogger - Using 'UTF-8' encoding to copy filtered resources.
2022-06-12 16:27:00,526 [Worker-39: Building workspace] INFO  o.e.m.c.i.embedder.EclipseLogger - Copying 1 resource
2022-06-12 16:27:00,551 [Worker-39: Building workspace] INFO  o.e.m.c.i.embedder.EclipseLogger - Copying 5 resources
2022-06-12 16:27:00,560 [Worker-39: Building workspace] INFO  o.e.m.c.i.embedder.EclipseLogger - Using 'UTF-8' encoding to copy filtered resources.
2022-06-12 16:27:00,561 [Worker-39: Building workspace] INFO  o.e.m.c.i.embedder.EclipseLogger - skip non existing resourceDirectory C:\Users\Laptop\Documents\Spring\taxiTaxi\taxiTaxi\src\test\resources
